{"total": {"lines":{"total":538,"covered":47,"skipped":0,"pct":8.73},"statements":{"total":538,"covered":47,"skipped":0,"pct":8.73},"functions":{"total":23,"covered":2,"skipped":0,"pct":8.69},"branches":{"total":16,"covered":5,"skipped":0,"pct":31.25},"branchesTrue":{"total":0,"covered":0,"skipped":0,"pct":100}}
,"C:\\dev\\pp\\sitemap-diff\\scripts\\sitemap-diff.bintest.js": {"lines":{"total":131,"covered":0,"skipped":0,"pct":0},"functions":{"total":1,"covered":0,"skipped":0,"pct":0},"statements":{"total":131,"covered":0,"skipped":0,"pct":0},"branches":{"total":1,"covered":0,"skipped":0,"pct":0}}
,"C:\\dev\\pp\\sitemap-diff\\scripts\\sitemap-diff.bintest.ts": {"lines":{"total":127,"covered":0,"skipped":0,"pct":0},"functions":{"total":1,"covered":0,"skipped":0,"pct":0},"statements":{"total":127,"covered":0,"skipped":0,"pct":0},"branches":{"total":1,"covered":0,"skipped":0,"pct":0}}
,"C:\\dev\\pp\\sitemap-diff\\src\\index.ts": {"lines":{"total":1,"covered":0,"skipped":0,"pct":0},"functions":{"total":1,"covered":0,"skipped":0,"pct":0},"statements":{"total":1,"covered":0,"skipped":0,"pct":0},"branches":{"total":1,"covered":0,"skipped":0,"pct":0}}
,"C:\\dev\\pp\\sitemap-diff\\src\\utils\\arrayUtils.ts": {"lines":{"total":22,"covered":2,"skipped":0,"pct":9.09},"functions":{"total":2,"covered":0,"skipped":0,"pct":0},"statements":{"total":22,"covered":2,"skipped":0,"pct":9.09},"branches":{"total":0,"covered":0,"skipped":0,"pct":100}}
,"C:\\dev\\pp\\sitemap-diff\\src\\utils\\awsS3Utils.ts": {"lines":{"total":47,"covered":5,"skipped":0,"pct":10.63},"functions":{"total":5,"covered":0,"skipped":0,"pct":0},"statements":{"total":47,"covered":5,"skipped":0,"pct":10.63},"branches":{"total":0,"covered":0,"skipped":0,"pct":100}}
,"C:\\dev\\pp\\sitemap-diff\\src\\utils\\fileUtils.ts": {"lines":{"total":48,"covered":5,"skipped":0,"pct":10.41},"functions":{"total":4,"covered":0,"skipped":0,"pct":0},"statements":{"total":48,"covered":5,"skipped":0,"pct":10.41},"branches":{"total":0,"covered":0,"skipped":0,"pct":100}}
,"C:\\dev\\pp\\sitemap-diff\\src\\utils\\sitemapUtils.ts": {"lines":{"total":139,"covered":33,"skipped":0,"pct":23.74},"functions":{"total":7,"covered":2,"skipped":0,"pct":28.57},"statements":{"total":139,"covered":33,"skipped":0,"pct":23.74},"branches":{"total":13,"covered":5,"skipped":0,"pct":38.46}}
,"C:\\dev\\pp\\sitemap-diff\\src\\utils\\urlUtils.ts": {"lines":{"total":23,"covered":2,"skipped":0,"pct":8.69},"functions":{"total":2,"covered":0,"skipped":0,"pct":0},"statements":{"total":23,"covered":2,"skipped":0,"pct":8.69},"branches":{"total":0,"covered":0,"skipped":0,"pct":100}}
}
