{
  "C:\\dev\\pp\\sitemap-diff\\scripts\\sitemap-diff.bintest.js": {
    "path": "C:\\dev\\pp\\sitemap-diff\\scripts\\sitemap-diff.bintest.js",
    "all": true,
    "statementMap": {
      "0": {
        "start": {
          "line": 1,
          "column": 0
        },
        "end": {
          "line": 1,
          "column": 77
        }
      },
      "1": {
        "start": {
          "line": 2,
          "column": 0
        },
        "end": {
          "line": 2,
          "column": 68
        }
      },
      "2": {
        "start": {
          "line": 3,
          "column": 0
        },
        "end": {
          "line": 3,
          "column": 0
        }
      },
      "3": {
        "start": {
          "line": 4,
          "column": 0
        },
        "end": {
          "line": 4,
          "column": 24
        }
      },
      "4": {
        "start": {
          "line": 5,
          "column": 0
        },
        "end": {
          "line": 5,
          "column": 26
        }
      },
      "5": {
        "start": {
          "line": 6,
          "column": 0
        },
        "end": {
          "line": 6,
          "column": 12
        }
      },
      "6": {
        "start": {
          "line": 7,
          "column": 0
        },
        "end": {
          "line": 7,
          "column": 0
        }
      },
      "7": {
        "start": {
          "line": 8,
          "column": 0
        },
        "end": {
          "line": 8,
          "column": 71
        }
      },
      "8": {
        "start": {
          "line": 9,
          "column": 0
        },
        "end": {
          "line": 9,
          "column": 63
        }
      },
      "9": {
        "start": {
          "line": 10,
          "column": 0
        },
        "end": {
          "line": 10,
          "column": 0
        }
      },
      "10": {
        "start": {
          "line": 11,
          "column": 0
        },
        "end": {
          "line": 11,
          "column": 68
        }
      },
      "11": {
        "start": {
          "line": 12,
          "column": 0
        },
        "end": {
          "line": 12,
          "column": 67
        }
      },
      "12": {
        "start": {
          "line": 13,
          "column": 0
        },
        "end": {
          "line": 13,
          "column": 21
        }
      },
      "13": {
        "start": {
          "line": 14,
          "column": 0
        },
        "end": {
          "line": 14,
          "column": 15
        }
      },
      "14": {
        "start": {
          "line": 15,
          "column": 0
        },
        "end": {
          "line": 15,
          "column": 18
        }
      },
      "15": {
        "start": {
          "line": 16,
          "column": 0
        },
        "end": {
          "line": 16,
          "column": 18
        }
      },
      "16": {
        "start": {
          "line": 17,
          "column": 0
        },
        "end": {
          "line": 17,
          "column": 1
        }
      },
      "17": {
        "start": {
          "line": 18,
          "column": 0
        },
        "end": {
          "line": 18,
          "column": 0
        }
      },
      "18": {
        "start": {
          "line": 19,
          "column": 0
        },
        "end": {
          "line": 19,
          "column": 88
        }
      },
      "19": {
        "start": {
          "line": 20,
          "column": 0
        },
        "end": {
          "line": 20,
          "column": 62
        }
      },
      "20": {
        "start": {
          "line": 21,
          "column": 0
        },
        "end": {
          "line": 21,
          "column": 15
        }
      },
      "21": {
        "start": {
          "line": 22,
          "column": 0
        },
        "end": {
          "line": 22,
          "column": 18
        }
      },
      "22": {
        "start": {
          "line": 23,
          "column": 0
        },
        "end": {
          "line": 23,
          "column": 1
        }
      },
      "23": {
        "start": {
          "line": 24,
          "column": 0
        },
        "end": {
          "line": 24,
          "column": 0
        }
      },
      "24": {
        "start": {
          "line": 25,
          "column": 0
        },
        "end": {
          "line": 25,
          "column": 82
        }
      },
      "25": {
        "start": {
          "line": 26,
          "column": 0
        },
        "end": {
          "line": 26,
          "column": 94
        }
      },
      "26": {
        "start": {
          "line": 27,
          "column": 0
        },
        "end": {
          "line": 27,
          "column": 15
        }
      },
      "27": {
        "start": {
          "line": 28,
          "column": 0
        },
        "end": {
          "line": 28,
          "column": 18
        }
      },
      "28": {
        "start": {
          "line": 29,
          "column": 0
        },
        "end": {
          "line": 29,
          "column": 1
        }
      },
      "29": {
        "start": {
          "line": 30,
          "column": 0
        },
        "end": {
          "line": 30,
          "column": 0
        }
      },
      "30": {
        "start": {
          "line": 31,
          "column": 0
        },
        "end": {
          "line": 31,
          "column": 5
        }
      },
      "31": {
        "start": {
          "line": 32,
          "column": 0
        },
        "end": {
          "line": 32,
          "column": 0
        }
      },
      "32": {
        "start": {
          "line": 33,
          "column": 0
        },
        "end": {
          "line": 33,
          "column": 67
        }
      },
      "33": {
        "start": {
          "line": 34,
          "column": 0
        },
        "end": {
          "line": 34,
          "column": 0
        }
      },
      "34": {
        "start": {
          "line": 35,
          "column": 0
        },
        "end": {
          "line": 35,
          "column": 19
        }
      },
      "35": {
        "start": {
          "line": 36,
          "column": 0
        },
        "end": {
          "line": 36,
          "column": 98
        }
      },
      "36": {
        "start": {
          "line": 37,
          "column": 0
        },
        "end": {
          "line": 37,
          "column": 20
        }
      },
      "37": {
        "start": {
          "line": 38,
          "column": 0
        },
        "end": {
          "line": 38,
          "column": 3
        }
      },
      "38": {
        "start": {
          "line": 39,
          "column": 0
        },
        "end": {
          "line": 39,
          "column": 0
        }
      },
      "39": {
        "start": {
          "line": 40,
          "column": 0
        },
        "end": {
          "line": 40,
          "column": 19
        }
      },
      "40": {
        "start": {
          "line": 41,
          "column": 0
        },
        "end": {
          "line": 41,
          "column": 48
        }
      },
      "41": {
        "start": {
          "line": 42,
          "column": 0
        },
        "end": {
          "line": 42,
          "column": 89
        }
      },
      "42": {
        "start": {
          "line": 43,
          "column": 0
        },
        "end": {
          "line": 43,
          "column": 5
        }
      },
      "43": {
        "start": {
          "line": 44,
          "column": 0
        },
        "end": {
          "line": 44,
          "column": 10
        }
      },
      "44": {
        "start": {
          "line": 45,
          "column": 0
        },
        "end": {
          "line": 45,
          "column": 113
        }
      },
      "45": {
        "start": {
          "line": 46,
          "column": 0
        },
        "end": {
          "line": 46,
          "column": 107
        }
      },
      "46": {
        "start": {
          "line": 47,
          "column": 0
        },
        "end": {
          "line": 47,
          "column": 12
        }
      },
      "47": {
        "start": {
          "line": 48,
          "column": 0
        },
        "end": {
          "line": 48,
          "column": 47
        }
      },
      "48": {
        "start": {
          "line": 49,
          "column": 0
        },
        "end": {
          "line": 49,
          "column": 62
        }
      },
      "49": {
        "start": {
          "line": 50,
          "column": 0
        },
        "end": {
          "line": 50,
          "column": 115
        }
      },
      "50": {
        "start": {
          "line": 51,
          "column": 0
        },
        "end": {
          "line": 51,
          "column": 14
        }
      },
      "51": {
        "start": {
          "line": 52,
          "column": 0
        },
        "end": {
          "line": 52,
          "column": 143
        }
      },
      "52": {
        "start": {
          "line": 53,
          "column": 0
        },
        "end": {
          "line": 53,
          "column": 7
        }
      },
      "53": {
        "start": {
          "line": 54,
          "column": 0
        },
        "end": {
          "line": 54,
          "column": 62
        }
      },
      "54": {
        "start": {
          "line": 55,
          "column": 0
        },
        "end": {
          "line": 55,
          "column": 115
        }
      },
      "55": {
        "start": {
          "line": 56,
          "column": 0
        },
        "end": {
          "line": 56,
          "column": 14
        }
      },
      "56": {
        "start": {
          "line": 57,
          "column": 0
        },
        "end": {
          "line": 57,
          "column": 143
        }
      },
      "57": {
        "start": {
          "line": 58,
          "column": 0
        },
        "end": {
          "line": 58,
          "column": 7
        }
      },
      "58": {
        "start": {
          "line": 59,
          "column": 0
        },
        "end": {
          "line": 59,
          "column": 5
        }
      },
      "59": {
        "start": {
          "line": 60,
          "column": 0
        },
        "end": {
          "line": 60,
          "column": 42
        }
      },
      "60": {
        "start": {
          "line": 61,
          "column": 0
        },
        "end": {
          "line": 61,
          "column": 85
        }
      },
      "61": {
        "start": {
          "line": 62,
          "column": 0
        },
        "end": {
          "line": 62,
          "column": 12
        }
      },
      "62": {
        "start": {
          "line": 63,
          "column": 0
        },
        "end": {
          "line": 63,
          "column": 123
        }
      },
      "63": {
        "start": {
          "line": 64,
          "column": 0
        },
        "end": {
          "line": 64,
          "column": 5
        }
      },
      "64": {
        "start": {
          "line": 65,
          "column": 0
        },
        "end": {
          "line": 65,
          "column": 3
        }
      },
      "65": {
        "start": {
          "line": 66,
          "column": 0
        },
        "end": {
          "line": 66,
          "column": 17
        }
      },
      "66": {
        "start": {
          "line": 67,
          "column": 0
        },
        "end": {
          "line": 67,
          "column": 63
        }
      },
      "67": {
        "start": {
          "line": 68,
          "column": 0
        },
        "end": {
          "line": 68,
          "column": 18
        }
      },
      "68": {
        "start": {
          "line": 69,
          "column": 0
        },
        "end": {
          "line": 69,
          "column": 1
        }
      },
      "69": {
        "start": {
          "line": 70,
          "column": 0
        },
        "end": {
          "line": 70,
          "column": 0
        }
      },
      "70": {
        "start": {
          "line": 71,
          "column": 0
        },
        "end": {
          "line": 71,
          "column": 0
        }
      },
      "71": {
        "start": {
          "line": 72,
          "column": 0
        },
        "end": {
          "line": 72,
          "column": 22
        }
      },
      "72": {
        "start": {
          "line": 73,
          "column": 0
        },
        "end": {
          "line": 73,
          "column": 115
        }
      },
      "73": {
        "start": {
          "line": 74,
          "column": 0
        },
        "end": {
          "line": 74,
          "column": 115
        }
      },
      "74": {
        "start": {
          "line": 75,
          "column": 0
        },
        "end": {
          "line": 75,
          "column": 115
        }
      },
      "75": {
        "start": {
          "line": 76,
          "column": 0
        },
        "end": {
          "line": 76,
          "column": 1
        }
      },
      "76": {
        "start": {
          "line": 77,
          "column": 0
        },
        "end": {
          "line": 77,
          "column": 0
        }
      },
      "77": {
        "start": {
          "line": 78,
          "column": 0
        },
        "end": {
          "line": 78,
          "column": 29
        }
      },
      "78": {
        "start": {
          "line": 79,
          "column": 0
        },
        "end": {
          "line": 79,
          "column": 92
        }
      },
      "79": {
        "start": {
          "line": 80,
          "column": 0
        },
        "end": {
          "line": 80,
          "column": 96
        }
      },
      "80": {
        "start": {
          "line": 81,
          "column": 0
        },
        "end": {
          "line": 81,
          "column": 72
        }
      },
      "81": {
        "start": {
          "line": 82,
          "column": 0
        },
        "end": {
          "line": 82,
          "column": 104
        }
      },
      "82": {
        "start": {
          "line": 83,
          "column": 0
        },
        "end": {
          "line": 83,
          "column": 49
        }
      },
      "83": {
        "start": {
          "line": 84,
          "column": 0
        },
        "end": {
          "line": 84,
          "column": 119
        }
      },
      "84": {
        "start": {
          "line": 85,
          "column": 0
        },
        "end": {
          "line": 85,
          "column": 122
        }
      },
      "85": {
        "start": {
          "line": 86,
          "column": 0
        },
        "end": {
          "line": 86,
          "column": 115
        }
      },
      "86": {
        "start": {
          "line": 87,
          "column": 0
        },
        "end": {
          "line": 87,
          "column": 1
        }
      },
      "87": {
        "start": {
          "line": 88,
          "column": 0
        },
        "end": {
          "line": 88,
          "column": 0
        }
      },
      "88": {
        "start": {
          "line": 89,
          "column": 0
        },
        "end": {
          "line": 89,
          "column": 23
        }
      },
      "89": {
        "start": {
          "line": 90,
          "column": 0
        },
        "end": {
          "line": 90,
          "column": 86
        }
      },
      "90": {
        "start": {
          "line": 91,
          "column": 0
        },
        "end": {
          "line": 91,
          "column": 35
        }
      },
      "91": {
        "start": {
          "line": 92,
          "column": 0
        },
        "end": {
          "line": 92,
          "column": 120
        }
      },
      "92": {
        "start": {
          "line": 93,
          "column": 0
        },
        "end": {
          "line": 93,
          "column": 117
        }
      },
      "93": {
        "start": {
          "line": 94,
          "column": 0
        },
        "end": {
          "line": 94,
          "column": 119
        }
      },
      "94": {
        "start": {
          "line": 95,
          "column": 0
        },
        "end": {
          "line": 95,
          "column": 35
        }
      },
      "95": {
        "start": {
          "line": 96,
          "column": 0
        },
        "end": {
          "line": 96,
          "column": 49
        }
      },
      "96": {
        "start": {
          "line": 97,
          "column": 0
        },
        "end": {
          "line": 97,
          "column": 98
        }
      },
      "97": {
        "start": {
          "line": 98,
          "column": 0
        },
        "end": {
          "line": 98,
          "column": 99
        }
      },
      "98": {
        "start": {
          "line": 99,
          "column": 0
        },
        "end": {
          "line": 99,
          "column": 102
        }
      },
      "99": {
        "start": {
          "line": 100,
          "column": 0
        },
        "end": {
          "line": 100,
          "column": 121
        }
      },
      "100": {
        "start": {
          "line": 101,
          "column": 0
        },
        "end": {
          "line": 101,
          "column": 129
        }
      },
      "101": {
        "start": {
          "line": 102,
          "column": 0
        },
        "end": {
          "line": 102,
          "column": 106
        }
      },
      "102": {
        "start": {
          "line": 103,
          "column": 0
        },
        "end": {
          "line": 103,
          "column": 117
        }
      },
      "103": {
        "start": {
          "line": 104,
          "column": 0
        },
        "end": {
          "line": 104,
          "column": 112
        }
      },
      "104": {
        "start": {
          "line": 105,
          "column": 0
        },
        "end": {
          "line": 105,
          "column": 129
        }
      },
      "105": {
        "start": {
          "line": 106,
          "column": 0
        },
        "end": {
          "line": 106,
          "column": 130
        }
      },
      "106": {
        "start": {
          "line": 107,
          "column": 0
        },
        "end": {
          "line": 107,
          "column": 125
        }
      },
      "107": {
        "start": {
          "line": 108,
          "column": 0
        },
        "end": {
          "line": 108,
          "column": 80
        }
      },
      "108": {
        "start": {
          "line": 109,
          "column": 0
        },
        "end": {
          "line": 109,
          "column": 54
        }
      },
      "109": {
        "start": {
          "line": 110,
          "column": 0
        },
        "end": {
          "line": 110,
          "column": 114
        }
      },
      "110": {
        "start": {
          "line": 111,
          "column": 0
        },
        "end": {
          "line": 111,
          "column": 1
        }
      },
      "111": {
        "start": {
          "line": 112,
          "column": 0
        },
        "end": {
          "line": 112,
          "column": 0
        }
      },
      "112": {
        "start": {
          "line": 113,
          "column": 0
        },
        "end": {
          "line": 113,
          "column": 26
        }
      },
      "113": {
        "start": {
          "line": 114,
          "column": 0
        },
        "end": {
          "line": 114,
          "column": 27
        }
      },
      "114": {
        "start": {
          "line": 115,
          "column": 0
        },
        "end": {
          "line": 115,
          "column": 104
        }
      },
      "115": {
        "start": {
          "line": 116,
          "column": 0
        },
        "end": {
          "line": 116,
          "column": 114
        }
      },
      "116": {
        "start": {
          "line": 117,
          "column": 0
        },
        "end": {
          "line": 117,
          "column": 83
        }
      },
      "117": {
        "start": {
          "line": 118,
          "column": 0
        },
        "end": {
          "line": 118,
          "column": 116
        }
      },
      "118": {
        "start": {
          "line": 119,
          "column": 0
        },
        "end": {
          "line": 119,
          "column": 106
        }
      },
      "119": {
        "start": {
          "line": 120,
          "column": 0
        },
        "end": {
          "line": 120,
          "column": 97
        }
      },
      "120": {
        "start": {
          "line": 121,
          "column": 0
        },
        "end": {
          "line": 121,
          "column": 58
        }
      },
      "121": {
        "start": {
          "line": 122,
          "column": 0
        },
        "end": {
          "line": 122,
          "column": 105
        }
      },
      "122": {
        "start": {
          "line": 123,
          "column": 0
        },
        "end": {
          "line": 123,
          "column": 120
        }
      },
      "123": {
        "start": {
          "line": 124,
          "column": 0
        },
        "end": {
          "line": 124,
          "column": 65
        }
      },
      "124": {
        "start": {
          "line": 125,
          "column": 0
        },
        "end": {
          "line": 125,
          "column": 93
        }
      },
      "125": {
        "start": {
          "line": 126,
          "column": 0
        },
        "end": {
          "line": 126,
          "column": 73
        }
      },
      "126": {
        "start": {
          "line": 127,
          "column": 0
        },
        "end": {
          "line": 127,
          "column": 100
        }
      },
      "127": {
        "start": {
          "line": 128,
          "column": 0
        },
        "end": {
          "line": 128,
          "column": 119
        }
      },
      "128": {
        "start": {
          "line": 129,
          "column": 0
        },
        "end": {
          "line": 129,
          "column": 124
        }
      },
      "129": {
        "start": {
          "line": 130,
          "column": 0
        },
        "end": {
          "line": 130,
          "column": 95
        }
      },
      "130": {
        "start": {
          "line": 131,
          "column": 0
        },
        "end": {
          "line": 131,
          "column": 1
        }
      }
    },
    "s": {
      "0": 0,
      "1": 0,
      "2": 0,
      "3": 0,
      "4": 0,
      "5": 0,
      "6": 0,
      "7": 0,
      "8": 0,
      "9": 0,
      "10": 0,
      "11": 0,
      "12": 0,
      "13": 0,
      "14": 0,
      "15": 0,
      "16": 0,
      "17": 0,
      "18": 0,
      "19": 0,
      "20": 0,
      "21": 0,
      "22": 0,
      "23": 0,
      "24": 0,
      "25": 0,
      "26": 0,
      "27": 0,
      "28": 0,
      "29": 0,
      "30": 0,
      "31": 0,
      "32": 0,
      "33": 0,
      "34": 0,
      "35": 0,
      "36": 0,
      "37": 0,
      "38": 0,
      "39": 0,
      "40": 0,
      "41": 0,
      "42": 0,
      "43": 0,
      "44": 0,
      "45": 0,
      "46": 0,
      "47": 0,
      "48": 0,
      "49": 0,
      "50": 0,
      "51": 0,
      "52": 0,
      "53": 0,
      "54": 0,
      "55": 0,
      "56": 0,
      "57": 0,
      "58": 0,
      "59": 0,
      "60": 0,
      "61": 0,
      "62": 0,
      "63": 0,
      "64": 0,
      "65": 0,
      "66": 0,
      "67": 0,
      "68": 0,
      "69": 0,
      "70": 0,
      "71": 0,
      "72": 0,
      "73": 0,
      "74": 0,
      "75": 0,
      "76": 0,
      "77": 0,
      "78": 0,
      "79": 0,
      "80": 0,
      "81": 0,
      "82": 0,
      "83": 0,
      "84": 0,
      "85": 0,
      "86": 0,
      "87": 0,
      "88": 0,
      "89": 0,
      "90": 0,
      "91": 0,
      "92": 0,
      "93": 0,
      "94": 0,
      "95": 0,
      "96": 0,
      "97": 0,
      "98": 0,
      "99": 0,
      "100": 0,
      "101": 0,
      "102": 0,
      "103": 0,
      "104": 0,
      "105": 0,
      "106": 0,
      "107": 0,
      "108": 0,
      "109": 0,
      "110": 0,
      "111": 0,
      "112": 0,
      "113": 0,
      "114": 0,
      "115": 0,
      "116": 0,
      "117": 0,
      "118": 0,
      "119": 0,
      "120": 0,
      "121": 0,
      "122": 0,
      "123": 0,
      "124": 0,
      "125": 0,
      "126": 0,
      "127": 0,
      "128": 0,
      "129": 0,
      "130": 0
    },
    "branchMap": {
      "0": {
        "type": "branch",
        "line": 1,
        "loc": {
          "start": {
            "line": 1,
            "column": 0
          },
          "end": {
            "line": 131,
            "column": -208
          }
        },
        "locations": [
          {
            "start": {
              "line": 1,
              "column": 0
            },
            "end": {
              "line": 131,
              "column": -208
            }
          }
        ]
      }
    },
    "b": {
      "0": [
        0
      ]
    },
    "fnMap": {
      "0": {
        "name": "(empty-report)",
        "decl": {
          "start": {
            "line": 1,
            "column": 0
          },
          "end": {
            "line": 131,
            "column": -208
          }
        },
        "loc": {
          "start": {
            "line": 1,
            "column": 0
          },
          "end": {
            "line": 131,
            "column": -208
          }
        },
        "line": 1
      }
    },
    "f": {
      "0": 0
    }
  },
  "C:\\dev\\pp\\sitemap-diff\\scripts\\sitemap-diff.bintest.ts": {
    "path": "C:\\dev\\pp\\sitemap-diff\\scripts\\sitemap-diff.bintest.ts",
    "all": true,
    "statementMap": {
      "0": {
        "start": {
          "line": 1,
          "column": 0
        },
        "end": {
          "line": 1,
          "column": 77
        }
      },
      "1": {
        "start": {
          "line": 2,
          "column": 0
        },
        "end": {
          "line": 2,
          "column": 68
        }
      },
      "5": {
        "start": {
          "line": 6,
          "column": 0
        },
        "end": {
          "line": 6,
          "column": 12
        }
      },
      "8": {
        "start": {
          "line": 9,
          "column": 0
        },
        "end": {
          "line": 9,
          "column": 63
        }
      },
      "10": {
        "start": {
          "line": 11,
          "column": 0
        },
        "end": {
          "line": 11,
          "column": 4
        }
      },
      "11": {
        "start": {
          "line": 12,
          "column": 0
        },
        "end": {
          "line": 12,
          "column": 69
        }
      },
      "12": {
        "start": {
          "line": 13,
          "column": 0
        },
        "end": {
          "line": 13,
          "column": 66
        }
      },
      "13": {
        "start": {
          "line": 14,
          "column": 0
        },
        "end": {
          "line": 14,
          "column": 3
        }
      },
      "14": {
        "start": {
          "line": 15,
          "column": 0
        },
        "end": {
          "line": 15,
          "column": 21
        }
      },
      "15": {
        "start": {
          "line": 16,
          "column": 0
        },
        "end": {
          "line": 16,
          "column": 15
        }
      },
      "16": {
        "start": {
          "line": 17,
          "column": 0
        },
        "end": {
          "line": 17,
          "column": 18
        }
      },
      "17": {
        "start": {
          "line": 18,
          "column": 0
        },
        "end": {
          "line": 18,
          "column": 18
        }
      },
      "18": {
        "start": {
          "line": 19,
          "column": 0
        },
        "end": {
          "line": 19,
          "column": 1
        }
      },
      "20": {
        "start": {
          "line": 21,
          "column": 0
        },
        "end": {
          "line": 21,
          "column": 89
        }
      },
      "21": {
        "start": {
          "line": 22,
          "column": 0
        },
        "end": {
          "line": 22,
          "column": 62
        }
      },
      "22": {
        "start": {
          "line": 23,
          "column": 0
        },
        "end": {
          "line": 23,
          "column": 15
        }
      },
      "23": {
        "start": {
          "line": 24,
          "column": 0
        },
        "end": {
          "line": 24,
          "column": 18
        }
      },
      "24": {
        "start": {
          "line": 25,
          "column": 0
        },
        "end": {
          "line": 25,
          "column": 1
        }
      },
      "26": {
        "start": {
          "line": 27,
          "column": 0
        },
        "end": {
          "line": 27,
          "column": 84
        }
      },
      "27": {
        "start": {
          "line": 28,
          "column": 0
        },
        "end": {
          "line": 28,
          "column": 94
        }
      },
      "28": {
        "start": {
          "line": 29,
          "column": 0
        },
        "end": {
          "line": 29,
          "column": 15
        }
      },
      "29": {
        "start": {
          "line": 30,
          "column": 0
        },
        "end": {
          "line": 30,
          "column": 18
        }
      },
      "30": {
        "start": {
          "line": 31,
          "column": 0
        },
        "end": {
          "line": 31,
          "column": 1
        }
      },
      "32": {
        "start": {
          "line": 33,
          "column": 0
        },
        "end": {
          "line": 33,
          "column": 14
        }
      },
      "33": {
        "start": {
          "line": 34,
          "column": 0
        },
        "end": {
          "line": 34,
          "column": 7
        }
      },
      "34": {
        "start": {
          "line": 35,
          "column": 0
        },
        "end": {
          "line": 35,
          "column": 73
        }
      },
      "36": {
        "start": {
          "line": 37,
          "column": 0
        },
        "end": {
          "line": 37,
          "column": 21
        }
      },
      "37": {
        "start": {
          "line": 38,
          "column": 0
        },
        "end": {
          "line": 38,
          "column": 90
        }
      },
      "38": {
        "start": {
          "line": 39,
          "column": 0
        },
        "end": {
          "line": 39,
          "column": 22
        }
      },
      "39": {
        "start": {
          "line": 40,
          "column": 0
        },
        "end": {
          "line": 40,
          "column": 5
        }
      },
      "41": {
        "start": {
          "line": 42,
          "column": 0
        },
        "end": {
          "line": 42,
          "column": 21
        }
      },
      "42": {
        "start": {
          "line": 43,
          "column": 0
        },
        "end": {
          "line": 43,
          "column": 51
        }
      },
      "43": {
        "start": {
          "line": 44,
          "column": 0
        },
        "end": {
          "line": 44,
          "column": 91
        }
      },
      "44": {
        "start": {
          "line": 45,
          "column": 0
        },
        "end": {
          "line": 45,
          "column": 7
        }
      },
      "45": {
        "start": {
          "line": 46,
          "column": 0
        },
        "end": {
          "line": 46,
          "column": 12
        }
      },
      "46": {
        "start": {
          "line": 47,
          "column": 0
        },
        "end": {
          "line": 47,
          "column": 10
        }
      },
      "47": {
        "start": {
          "line": 48,
          "column": 0
        },
        "end": {
          "line": 48,
          "column": 60
        }
      },
      "48": {
        "start": {
          "line": 49,
          "column": 0
        },
        "end": {
          "line": 49,
          "column": 57
        }
      },
      "49": {
        "start": {
          "line": 50,
          "column": 0
        },
        "end": {
          "line": 50,
          "column": 9
        }
      },
      "50": {
        "start": {
          "line": 51,
          "column": 0
        },
        "end": {
          "line": 51,
          "column": 109
        }
      },
      "51": {
        "start": {
          "line": 52,
          "column": 0
        },
        "end": {
          "line": 52,
          "column": 14
        }
      },
      "52": {
        "start": {
          "line": 53,
          "column": 0
        },
        "end": {
          "line": 53,
          "column": 48
        }
      },
      "53": {
        "start": {
          "line": 54,
          "column": 0
        },
        "end": {
          "line": 54,
          "column": 64
        }
      },
      "54": {
        "start": {
          "line": 55,
          "column": 0
        },
        "end": {
          "line": 55,
          "column": 117
        }
      },
      "55": {
        "start": {
          "line": 56,
          "column": 0
        },
        "end": {
          "line": 56,
          "column": 16
        }
      },
      "56": {
        "start": {
          "line": 57,
          "column": 0
        },
        "end": {
          "line": 57,
          "column": 22
        }
      },
      "57": {
        "start": {
          "line": 58,
          "column": 0
        },
        "end": {
          "line": 58,
          "column": 98
        }
      },
      "58": {
        "start": {
          "line": 59,
          "column": 0
        },
        "end": {
          "line": 59,
          "column": 48
        }
      },
      "59": {
        "start": {
          "line": 60,
          "column": 0
        },
        "end": {
          "line": 60,
          "column": 12
        }
      },
      "60": {
        "start": {
          "line": 61,
          "column": 0
        },
        "end": {
          "line": 61,
          "column": 9
        }
      },
      "61": {
        "start": {
          "line": 62,
          "column": 0
        },
        "end": {
          "line": 62,
          "column": 64
        }
      },
      "62": {
        "start": {
          "line": 63,
          "column": 0
        },
        "end": {
          "line": 63,
          "column": 117
        }
      },
      "63": {
        "start": {
          "line": 64,
          "column": 0
        },
        "end": {
          "line": 64,
          "column": 16
        }
      },
      "64": {
        "start": {
          "line": 65,
          "column": 0
        },
        "end": {
          "line": 65,
          "column": 22
        }
      },
      "65": {
        "start": {
          "line": 66,
          "column": 0
        },
        "end": {
          "line": 66,
          "column": 98
        }
      },
      "66": {
        "start": {
          "line": 67,
          "column": 0
        },
        "end": {
          "line": 67,
          "column": 48
        }
      },
      "67": {
        "start": {
          "line": 68,
          "column": 0
        },
        "end": {
          "line": 68,
          "column": 12
        }
      },
      "68": {
        "start": {
          "line": 69,
          "column": 0
        },
        "end": {
          "line": 69,
          "column": 9
        }
      },
      "69": {
        "start": {
          "line": 70,
          "column": 0
        },
        "end": {
          "line": 70,
          "column": 7
        }
      },
      "70": {
        "start": {
          "line": 71,
          "column": 0
        },
        "end": {
          "line": 71,
          "column": 45
        }
      },
      "71": {
        "start": {
          "line": 72,
          "column": 0
        },
        "end": {
          "line": 72,
          "column": 87
        }
      },
      "72": {
        "start": {
          "line": 73,
          "column": 0
        },
        "end": {
          "line": 73,
          "column": 14
        }
      },
      "73": {
        "start": {
          "line": 74,
          "column": 0
        },
        "end": {
          "line": 74,
          "column": 125
        }
      },
      "74": {
        "start": {
          "line": 75,
          "column": 0
        },
        "end": {
          "line": 75,
          "column": 7
        }
      },
      "75": {
        "start": {
          "line": 76,
          "column": 0
        },
        "end": {
          "line": 76,
          "column": 5
        }
      },
      "76": {
        "start": {
          "line": 77,
          "column": 0
        },
        "end": {
          "line": 77,
          "column": 19
        }
      },
      "77": {
        "start": {
          "line": 78,
          "column": 0
        },
        "end": {
          "line": 78,
          "column": 76
        }
      },
      "78": {
        "start": {
          "line": 79,
          "column": 0
        },
        "end": {
          "line": 79,
          "column": 20
        }
      },
      "79": {
        "start": {
          "line": 80,
          "column": 0
        },
        "end": {
          "line": 80,
          "column": 3
        }
      },
      "80": {
        "start": {
          "line": 81,
          "column": 0
        },
        "end": {
          "line": 81,
          "column": 5
        }
      },
      "82": {
        "start": {
          "line": 83,
          "column": 0
        },
        "end": {
          "line": 83,
          "column": 28
        }
      },
      "83": {
        "start": {
          "line": 84,
          "column": 0
        },
        "end": {
          "line": 84,
          "column": 115
        }
      },
      "84": {
        "start": {
          "line": 85,
          "column": 0
        },
        "end": {
          "line": 85,
          "column": 115
        }
      },
      "85": {
        "start": {
          "line": 86,
          "column": 0
        },
        "end": {
          "line": 86,
          "column": 115
        }
      },
      "86": {
        "start": {
          "line": 87,
          "column": 0
        },
        "end": {
          "line": 87,
          "column": 1
        }
      },
      "88": {
        "start": {
          "line": 89,
          "column": 0
        },
        "end": {
          "line": 89,
          "column": 35
        }
      },
      "89": {
        "start": {
          "line": 90,
          "column": 0
        },
        "end": {
          "line": 90,
          "column": 92
        }
      },
      "90": {
        "start": {
          "line": 91,
          "column": 0
        },
        "end": {
          "line": 91,
          "column": 95
        }
      },
      "91": {
        "start": {
          "line": 92,
          "column": 0
        },
        "end": {
          "line": 92,
          "column": 72
        }
      },
      "92": {
        "start": {
          "line": 93,
          "column": 0
        },
        "end": {
          "line": 93,
          "column": 104
        }
      },
      "93": {
        "start": {
          "line": 94,
          "column": 0
        },
        "end": {
          "line": 94,
          "column": 49
        }
      },
      "94": {
        "start": {
          "line": 95,
          "column": 0
        },
        "end": {
          "line": 95,
          "column": 119
        }
      },
      "95": {
        "start": {
          "line": 96,
          "column": 0
        },
        "end": {
          "line": 96,
          "column": 122
        }
      },
      "96": {
        "start": {
          "line": 97,
          "column": 0
        },
        "end": {
          "line": 97,
          "column": 115
        }
      },
      "97": {
        "start": {
          "line": 98,
          "column": 0
        },
        "end": {
          "line": 98,
          "column": 1
        }
      },
      "99": {
        "start": {
          "line": 100,
          "column": 0
        },
        "end": {
          "line": 100,
          "column": 29
        }
      },
      "100": {
        "start": {
          "line": 101,
          "column": 0
        },
        "end": {
          "line": 101,
          "column": 86
        }
      },
      "101": {
        "start": {
          "line": 102,
          "column": 0
        },
        "end": {
          "line": 102,
          "column": 35
        }
      },
      "102": {
        "start": {
          "line": 103,
          "column": 0
        },
        "end": {
          "line": 103,
          "column": 120
        }
      },
      "103": {
        "start": {
          "line": 104,
          "column": 0
        },
        "end": {
          "line": 104,
          "column": 117
        }
      },
      "104": {
        "start": {
          "line": 105,
          "column": 0
        },
        "end": {
          "line": 105,
          "column": 119
        }
      },
      "105": {
        "start": {
          "line": 106,
          "column": 0
        },
        "end": {
          "line": 106,
          "column": 36
        }
      },
      "106": {
        "start": {
          "line": 107,
          "column": 0
        },
        "end": {
          "line": 107,
          "column": 49
        }
      },
      "107": {
        "start": {
          "line": 108,
          "column": 0
        },
        "end": {
          "line": 108,
          "column": 98
        }
      },
      "108": {
        "start": {
          "line": 109,
          "column": 0
        },
        "end": {
          "line": 109,
          "column": 99
        }
      },
      "109": {
        "start": {
          "line": 110,
          "column": 0
        },
        "end": {
          "line": 110,
          "column": 102
        }
      },
      "110": {
        "start": {
          "line": 111,
          "column": 0
        },
        "end": {
          "line": 111,
          "column": 121
        }
      },
      "111": {
        "start": {
          "line": 112,
          "column": 0
        },
        "end": {
          "line": 112,
          "column": 129
        }
      },
      "112": {
        "start": {
          "line": 113,
          "column": 0
        },
        "end": {
          "line": 113,
          "column": 106
        }
      },
      "113": {
        "start": {
          "line": 114,
          "column": 0
        },
        "end": {
          "line": 114,
          "column": 117
        }
      },
      "114": {
        "start": {
          "line": 115,
          "column": 0
        },
        "end": {
          "line": 115,
          "column": 112
        }
      },
      "115": {
        "start": {
          "line": 116,
          "column": 0
        },
        "end": {
          "line": 116,
          "column": 129
        }
      },
      "116": {
        "start": {
          "line": 117,
          "column": 0
        },
        "end": {
          "line": 117,
          "column": 130
        }
      },
      "117": {
        "start": {
          "line": 118,
          "column": 0
        },
        "end": {
          "line": 118,
          "column": 125
        }
      },
      "118": {
        "start": {
          "line": 119,
          "column": 0
        },
        "end": {
          "line": 119,
          "column": 80
        }
      },
      "119": {
        "start": {
          "line": 120,
          "column": 0
        },
        "end": {
          "line": 120,
          "column": 54
        }
      },
      "120": {
        "start": {
          "line": 121,
          "column": 0
        },
        "end": {
          "line": 121,
          "column": 114
        }
      },
      "121": {
        "start": {
          "line": 122,
          "column": 0
        },
        "end": {
          "line": 122,
          "column": 1
        }
      },
      "123": {
        "start": {
          "line": 124,
          "column": 0
        },
        "end": {
          "line": 124,
          "column": 32
        }
      },
      "124": {
        "start": {
          "line": 125,
          "column": 0
        },
        "end": {
          "line": 125,
          "column": 27
        }
      },
      "125": {
        "start": {
          "line": 126,
          "column": 0
        },
        "end": {
          "line": 126,
          "column": 104
        }
      },
      "126": {
        "start": {
          "line": 127,
          "column": 0
        },
        "end": {
          "line": 127,
          "column": 114
        }
      },
      "127": {
        "start": {
          "line": 128,
          "column": 0
        },
        "end": {
          "line": 128,
          "column": 83
        }
      },
      "128": {
        "start": {
          "line": 129,
          "column": 0
        },
        "end": {
          "line": 129,
          "column": 116
        }
      },
      "129": {
        "start": {
          "line": 130,
          "column": 0
        },
        "end": {
          "line": 130,
          "column": 106
        }
      },
      "130": {
        "start": {
          "line": 131,
          "column": 0
        },
        "end": {
          "line": 131,
          "column": 97
        }
      },
      "131": {
        "start": {
          "line": 132,
          "column": 0
        },
        "end": {
          "line": 132,
          "column": 58
        }
      },
      "132": {
        "start": {
          "line": 133,
          "column": 0
        },
        "end": {
          "line": 133,
          "column": 105
        }
      },
      "133": {
        "start": {
          "line": 134,
          "column": 0
        },
        "end": {
          "line": 134,
          "column": 120
        }
      },
      "134": {
        "start": {
          "line": 135,
          "column": 0
        },
        "end": {
          "line": 135,
          "column": 65
        }
      },
      "135": {
        "start": {
          "line": 136,
          "column": 0
        },
        "end": {
          "line": 136,
          "column": 93
        }
      },
      "136": {
        "start": {
          "line": 137,
          "column": 0
        },
        "end": {
          "line": 137,
          "column": 73
        }
      },
      "137": {
        "start": {
          "line": 138,
          "column": 0
        },
        "end": {
          "line": 138,
          "column": 100
        }
      },
      "138": {
        "start": {
          "line": 139,
          "column": 0
        },
        "end": {
          "line": 139,
          "column": 119
        }
      },
      "139": {
        "start": {
          "line": 140,
          "column": 0
        },
        "end": {
          "line": 140,
          "column": 124
        }
      },
      "140": {
        "start": {
          "line": 141,
          "column": 0
        },
        "end": {
          "line": 141,
          "column": 95
        }
      },
      "141": {
        "start": {
          "line": 142,
          "column": 0
        },
        "end": {
          "line": 142,
          "column": 1
        }
      }
    },
    "s": {
      "0": 0,
      "1": 0,
      "5": 0,
      "8": 0,
      "10": 0,
      "11": 0,
      "12": 0,
      "13": 0,
      "14": 0,
      "15": 0,
      "16": 0,
      "17": 0,
      "18": 0,
      "20": 0,
      "21": 0,
      "22": 0,
      "23": 0,
      "24": 0,
      "26": 0,
      "27": 0,
      "28": 0,
      "29": 0,
      "30": 0,
      "32": 0,
      "33": 0,
      "34": 0,
      "36": 0,
      "37": 0,
      "38": 0,
      "39": 0,
      "41": 0,
      "42": 0,
      "43": 0,
      "44": 0,
      "45": 0,
      "46": 0,
      "47": 0,
      "48": 0,
      "49": 0,
      "50": 0,
      "51": 0,
      "52": 0,
      "53": 0,
      "54": 0,
      "55": 0,
      "56": 0,
      "57": 0,
      "58": 0,
      "59": 0,
      "60": 0,
      "61": 0,
      "62": 0,
      "63": 0,
      "64": 0,
      "65": 0,
      "66": 0,
      "67": 0,
      "68": 0,
      "69": 0,
      "70": 0,
      "71": 0,
      "72": 0,
      "73": 0,
      "74": 0,
      "75": 0,
      "76": 0,
      "77": 0,
      "78": 0,
      "79": 0,
      "80": 0,
      "82": 0,
      "83": 0,
      "84": 0,
      "85": 0,
      "86": 0,
      "88": 0,
      "89": 0,
      "90": 0,
      "91": 0,
      "92": 0,
      "93": 0,
      "94": 0,
      "95": 0,
      "96": 0,
      "97": 0,
      "99": 0,
      "100": 0,
      "101": 0,
      "102": 0,
      "103": 0,
      "104": 0,
      "105": 0,
      "106": 0,
      "107": 0,
      "108": 0,
      "109": 0,
      "110": 0,
      "111": 0,
      "112": 0,
      "113": 0,
      "114": 0,
      "115": 0,
      "116": 0,
      "117": 0,
      "118": 0,
      "119": 0,
      "120": 0,
      "121": 0,
      "123": 0,
      "124": 0,
      "125": 0,
      "126": 0,
      "127": 0,
      "128": 0,
      "129": 0,
      "130": 0,
      "131": 0,
      "132": 0,
      "133": 0,
      "134": 0,
      "135": 0,
      "136": 0,
      "137": 0,
      "138": 0,
      "139": 0,
      "140": 0,
      "141": 0
    },
    "branchMap": {
      "0": {
        "type": "branch",
        "line": 1,
        "loc": {
          "start": {
            "line": 1,
            "column": 8059
          },
          "end": {
            "line": 142,
            "column": 1
          }
        },
        "locations": [
          {
            "start": {
              "line": 1,
              "column": 8059
            },
            "end": {
              "line": 142,
              "column": 1
            }
          }
        ]
      }
    },
    "b": {
      "0": [
        0
      ]
    },
    "fnMap": {
      "0": {
        "name": "(empty-report)",
        "decl": {
          "start": {
            "line": 1,
            "column": 8059
          },
          "end": {
            "line": 142,
            "column": 1
          }
        },
        "loc": {
          "start": {
            "line": 1,
            "column": 8059
          },
          "end": {
            "line": 142,
            "column": 1
          }
        },
        "line": 1
      }
    },
    "f": {
      "0": 0
    }
  },
  "C:\\dev\\pp\\sitemap-diff\\src\\index.ts": {
    "path": "C:\\dev\\pp\\sitemap-diff\\src\\index.ts",
    "all": true,
    "statementMap": {
      "0": {
        "start": {
          "line": 1,
          "column": 0
        },
        "end": {
          "line": 1,
          "column": 69
        }
      }
    },
    "s": {
      "0": 0
    },
    "branchMap": {
      "0": {
        "type": "branch",
        "line": 1,
        "loc": {
          "start": {
            "line": 1,
            "column": 69
          },
          "end": {
            "line": 1,
            "column": 69
          }
        },
        "locations": [
          {
            "start": {
              "line": 1,
              "column": 69
            },
            "end": {
              "line": 1,
              "column": 69
            }
          }
        ]
      }
    },
    "b": {
      "0": [
        0
      ]
    },
    "fnMap": {
      "0": {
        "name": "(empty-report)",
        "decl": {
          "start": {
            "line": 1,
            "column": 69
          },
          "end": {
            "line": 1,
            "column": 69
          }
        },
        "loc": {
          "start": {
            "line": 1,
            "column": 69
          },
          "end": {
            "line": 1,
            "column": 69
          }
        },
        "line": 1
      }
    },
    "f": {
      "0": 0
    }
  },
  "C:\\dev\\pp\\sitemap-diff\\src\\utils\\arrayUtils.ts": {
    "path": "C:\\dev\\pp\\sitemap-diff\\src\\utils\\arrayUtils.ts",
    "all": false,
    "statementMap": {
      "6": {
        "start": {
          "line": 7,
          "column": 0
        },
        "end": {
          "line": 7,
          "column": 81
        }
      },
      "7": {
        "start": {
          "line": 8,
          "column": 0
        },
        "end": {
          "line": 8,
          "column": 31
        }
      },
      "8": {
        "start": {
          "line": 9,
          "column": 0
        },
        "end": {
          "line": 9,
          "column": 37
        }
      },
      "9": {
        "start": {
          "line": 10,
          "column": 0
        },
        "end": {
          "line": 10,
          "column": 63
        }
      },
      "10": {
        "start": {
          "line": 11,
          "column": 0
        },
        "end": {
          "line": 11,
          "column": 5
        }
      },
      "11": {
        "start": {
          "line": 12,
          "column": 0
        },
        "end": {
          "line": 12,
          "column": 87
        }
      },
      "12": {
        "start": {
          "line": 13,
          "column": 0
        },
        "end": {
          "line": 13,
          "column": 5
        }
      },
      "13": {
        "start": {
          "line": 14,
          "column": 0
        },
        "end": {
          "line": 14,
          "column": 1
        }
      },
      "21": {
        "start": {
          "line": 22,
          "column": 0
        },
        "end": {
          "line": 22,
          "column": 62
        }
      },
      "25": {
        "start": {
          "line": 26,
          "column": 0
        },
        "end": {
          "line": 26,
          "column": 3
        }
      },
      "26": {
        "start": {
          "line": 27,
          "column": 0
        },
        "end": {
          "line": 27,
          "column": 61
        }
      },
      "27": {
        "start": {
          "line": 28,
          "column": 0
        },
        "end": {
          "line": 28,
          "column": 50
        }
      },
      "28": {
        "start": {
          "line": 29,
          "column": 0
        },
        "end": {
          "line": 29,
          "column": 3
        }
      },
      "30": {
        "start": {
          "line": 31,
          "column": 0
        },
        "end": {
          "line": 31,
          "column": 82
        }
      },
      "31": {
        "start": {
          "line": 32,
          "column": 0
        },
        "end": {
          "line": 32,
          "column": 82
        }
      },
      "32": {
        "start": {
          "line": 33,
          "column": 0
        },
        "end": {
          "line": 33,
          "column": 80
        }
      },
      "34": {
        "start": {
          "line": 35,
          "column": 0
        },
        "end": {
          "line": 35,
          "column": 10
        }
      },
      "35": {
        "start": {
          "line": 36,
          "column": 0
        },
        "end": {
          "line": 36,
          "column": 19
        }
      },
      "36": {
        "start": {
          "line": 37,
          "column": 0
        },
        "end": {
          "line": 37,
          "column": 20
        }
      },
      "37": {
        "start": {
          "line": 38,
          "column": 0
        },
        "end": {
          "line": 38,
          "column": 20
        }
      },
      "38": {
        "start": {
          "line": 39,
          "column": 0
        },
        "end": {
          "line": 39,
          "column": 4
        }
      },
      "39": {
        "start": {
          "line": 40,
          "column": 0
        },
        "end": {
          "line": 40,
          "column": 1
        }
      }
    },
    "s": {
      "6": 1,
      "7": 0,
      "8": 0,
      "9": 0,
      "10": 0,
      "11": 0,
      "12": 0,
      "13": 0,
      "21": 1,
      "25": 0,
      "26": 0,
      "27": 0,
      "28": 0,
      "30": 0,
      "31": 0,
      "32": 0,
      "34": 0,
      "35": 0,
      "36": 0,
      "37": 0,
      "38": 0,
      "39": 0
    },
    "branchMap": {},
    "b": {},
    "fnMap": {
      "0": {
        "name": "stripPrefixFromArray",
        "decl": {
          "start": {
            "line": 7,
            "column": 7
          },
          "end": {
            "line": 14,
            "column": 1
          }
        },
        "loc": {
          "start": {
            "line": 7,
            "column": 7
          },
          "end": {
            "line": 14,
            "column": 1
          }
        },
        "line": 7
      },
      "1": {
        "name": "diffArrays",
        "decl": {
          "start": {
            "line": 22,
            "column": 7
          },
          "end": {
            "line": 40,
            "column": 1
          }
        },
        "loc": {
          "start": {
            "line": 22,
            "column": 7
          },
          "end": {
            "line": 40,
            "column": 1
          }
        },
        "line": 22
      }
    },
    "f": {
      "0": 0,
      "1": 0
    }
  },
  "C:\\dev\\pp\\sitemap-diff\\src\\utils\\awsS3Utils.ts": {
    "path": "C:\\dev\\pp\\sitemap-diff\\src\\utils\\awsS3Utils.ts",
    "all": false,
    "statementMap": {
      "0": {
        "start": {
          "line": 1,
          "column": 0
        },
        "end": {
          "line": 1,
          "column": 64
        }
      },
      "7": {
        "start": {
          "line": 8,
          "column": 0
        },
        "end": {
          "line": 8,
          "column": 74
        }
      },
      "8": {
        "start": {
          "line": 9,
          "column": 0
        },
        "end": {
          "line": 9,
          "column": 38
        }
      },
      "10": {
        "start": {
          "line": 11,
          "column": 0
        },
        "end": {
          "line": 11,
          "column": 19
        }
      },
      "11": {
        "start": {
          "line": 12,
          "column": 0
        },
        "end": {
          "line": 12,
          "column": 54
        }
      },
      "12": {
        "start": {
          "line": 13,
          "column": 0
        },
        "end": {
          "line": 13,
          "column": 16
        }
      },
      "13": {
        "start": {
          "line": 14,
          "column": 0
        },
        "end": {
          "line": 14,
          "column": 3
        }
      },
      "15": {
        "start": {
          "line": 16,
          "column": 0
        },
        "end": {
          "line": 16,
          "column": 48
        }
      },
      "17": {
        "start": {
          "line": 18,
          "column": 0
        },
        "end": {
          "line": 18,
          "column": 66
        }
      },
      "18": {
        "start": {
          "line": 19,
          "column": 0
        },
        "end": {
          "line": 19,
          "column": 7
        }
      },
      "19": {
        "start": {
          "line": 20,
          "column": 0
        },
        "end": {
          "line": 20,
          "column": 42
        }
      },
      "20": {
        "start": {
          "line": 21,
          "column": 0
        },
        "end": {
          "line": 21,
          "column": 25
        }
      },
      "21": {
        "start": {
          "line": 22,
          "column": 0
        },
        "end": {
          "line": 22,
          "column": 15
        }
      },
      "22": {
        "start": {
          "line": 23,
          "column": 0
        },
        "end": {
          "line": 23,
          "column": 7
        }
      },
      "23": {
        "start": {
          "line": 24,
          "column": 0
        },
        "end": {
          "line": 24,
          "column": 50
        }
      },
      "24": {
        "start": {
          "line": 25,
          "column": 0
        },
        "end": {
          "line": 25,
          "column": 88
        }
      },
      "25": {
        "start": {
          "line": 26,
          "column": 0
        },
        "end": {
          "line": 26,
          "column": 19
        }
      },
      "26": {
        "start": {
          "line": 27,
          "column": 0
        },
        "end": {
          "line": 27,
          "column": 67
        }
      },
      "27": {
        "start": {
          "line": 28,
          "column": 0
        },
        "end": {
          "line": 28,
          "column": 16
        }
      },
      "28": {
        "start": {
          "line": 29,
          "column": 0
        },
        "end": {
          "line": 29,
          "column": 3
        }
      },
      "29": {
        "start": {
          "line": 30,
          "column": 0
        },
        "end": {
          "line": 30,
          "column": 1
        }
      },
      "36": {
        "start": {
          "line": 37,
          "column": 0
        },
        "end": {
          "line": 37,
          "column": 70
        }
      },
      "37": {
        "start": {
          "line": 38,
          "column": 0
        },
        "end": {
          "line": 38,
          "column": 47
        }
      },
      "38": {
        "start": {
          "line": 39,
          "column": 0
        },
        "end": {
          "line": 39,
          "column": 33
        }
      },
      "39": {
        "start": {
          "line": 40,
          "column": 0
        },
        "end": {
          "line": 40,
          "column": 1
        }
      },
      "46": {
        "start": {
          "line": 47,
          "column": 0
        },
        "end": {
          "line": 47,
          "column": 66
        }
      },
      "47": {
        "start": {
          "line": 48,
          "column": 0
        },
        "end": {
          "line": 48,
          "column": 51
        }
      },
      "48": {
        "start": {
          "line": 49,
          "column": 0
        },
        "end": {
          "line": 49,
          "column": 33
        }
      },
      "49": {
        "start": {
          "line": 50,
          "column": 0
        },
        "end": {
          "line": 50,
          "column": 1
        }
      },
      "56": {
        "start": {
          "line": 57,
          "column": 0
        },
        "end": {
          "line": 57,
          "column": 63
        }
      },
      "57": {
        "start": {
          "line": 58,
          "column": 0
        },
        "end": {
          "line": 58,
          "column": 68
        }
      },
      "58": {
        "start": {
          "line": 59,
          "column": 0
        },
        "end": {
          "line": 59,
          "column": 33
        }
      },
      "59": {
        "start": {
          "line": 60,
          "column": 0
        },
        "end": {
          "line": 60,
          "column": 1
        }
      },
      "66": {
        "start": {
          "line": 67,
          "column": 0
        },
        "end": {
          "line": 67,
          "column": 110
        }
      },
      "67": {
        "start": {
          "line": 68,
          "column": 0
        },
        "end": {
          "line": 68,
          "column": 51
        }
      },
      "68": {
        "start": {
          "line": 69,
          "column": 0
        },
        "end": {
          "line": 69,
          "column": 37
        }
      },
      "69": {
        "start": {
          "line": 70,
          "column": 0
        },
        "end": {
          "line": 70,
          "column": 43
        }
      },
      "71": {
        "start": {
          "line": 72,
          "column": 0
        },
        "end": {
          "line": 72,
          "column": 28
        }
      },
      "72": {
        "start": {
          "line": 73,
          "column": 0
        },
        "end": {
          "line": 73,
          "column": 53
        }
      },
      "73": {
        "start": {
          "line": 74,
          "column": 0
        },
        "end": {
          "line": 74,
          "column": 16
        }
      },
      "74": {
        "start": {
          "line": 75,
          "column": 0
        },
        "end": {
          "line": 75,
          "column": 3
        }
      },
      "76": {
        "start": {
          "line": 77,
          "column": 0
        },
        "end": {
          "line": 77,
          "column": 10
        }
      },
      "77": {
        "start": {
          "line": 78,
          "column": 0
        },
        "end": {
          "line": 78,
          "column": 15
        }
      },
      "78": {
        "start": {
          "line": 79,
          "column": 0
        },
        "end": {
          "line": 79,
          "column": 8
        }
      },
      "79": {
        "start": {
          "line": 80,
          "column": 0
        },
        "end": {
          "line": 80,
          "column": 66
        }
      },
      "80": {
        "start": {
          "line": 81,
          "column": 0
        },
        "end": {
          "line": 81,
          "column": 4
        }
      },
      "81": {
        "start": {
          "line": 82,
          "column": 0
        },
        "end": {
          "line": 82,
          "column": 1
        }
      }
    },
    "s": {
      "0": 1,
      "7": 0,
      "8": 0,
      "10": 0,
      "11": 0,
      "12": 0,
      "13": 0,
      "15": 0,
      "17": 0,
      "18": 0,
      "19": 0,
      "20": 0,
      "21": 0,
      "22": 0,
      "23": 0,
      "24": 0,
      "25": 0,
      "26": 0,
      "27": 0,
      "28": 0,
      "29": 0,
      "36": 1,
      "37": 0,
      "38": 0,
      "39": 0,
      "46": 1,
      "47": 0,
      "48": 0,
      "49": 0,
      "56": 1,
      "57": 0,
      "58": 0,
      "59": 0,
      "66": 1,
      "67": 0,
      "68": 0,
      "69": 0,
      "71": 0,
      "72": 0,
      "73": 0,
      "74": 0,
      "76": 0,
      "77": 0,
      "78": 0,
      "79": 0,
      "80": 0,
      "81": 0
    },
    "branchMap": {},
    "b": {},
    "fnMap": {
      "0": {
        "name": "fetchFromS3",
        "decl": {
          "start": {
            "line": 8,
            "column": 0
          },
          "end": {
            "line": 30,
            "column": 1
          }
        },
        "loc": {
          "start": {
            "line": 8,
            "column": 0
          },
          "end": {
            "line": 30,
            "column": 1
          }
        },
        "line": 8
      },
      "1": {
        "name": "getBucketNameFromS3Url",
        "decl": {
          "start": {
            "line": 37,
            "column": 7
          },
          "end": {
            "line": 40,
            "column": 1
          }
        },
        "loc": {
          "start": {
            "line": 37,
            "column": 7
          },
          "end": {
            "line": 40,
            "column": 1
          }
        },
        "line": 37
      },
      "2": {
        "name": "getRegionFromS3Url",
        "decl": {
          "start": {
            "line": 47,
            "column": 7
          },
          "end": {
            "line": 50,
            "column": 1
          }
        },
        "loc": {
          "start": {
            "line": 47,
            "column": 7
          },
          "end": {
            "line": 50,
            "column": 1
          }
        },
        "line": 47
      },
      "3": {
        "name": "getKeyFromS3Url",
        "decl": {
          "start": {
            "line": 57,
            "column": 7
          },
          "end": {
            "line": 60,
            "column": 1
          }
        },
        "loc": {
          "start": {
            "line": 57,
            "column": 7
          },
          "end": {
            "line": 60,
            "column": 1
          }
        },
        "line": 57
      },
      "4": {
        "name": "parseS3Url",
        "decl": {
          "start": {
            "line": 67,
            "column": 7
          },
          "end": {
            "line": 82,
            "column": 1
          }
        },
        "loc": {
          "start": {
            "line": 67,
            "column": 7
          },
          "end": {
            "line": 82,
            "column": 1
          }
        },
        "line": 67
      }
    },
    "f": {
      "0": 0,
      "1": 0,
      "2": 0,
      "3": 0,
      "4": 0
    }
  },
  "C:\\dev\\pp\\sitemap-diff\\src\\utils\\fileUtils.ts": {
    "path": "C:\\dev\\pp\\sitemap-diff\\src\\utils\\fileUtils.ts",
    "all": false,
    "statementMap": {
      "0": {
        "start": {
          "line": 1,
          "column": 0
        },
        "end": {
          "line": 1,
          "column": 20
        }
      },
      "7": {
        "start": {
          "line": 8,
          "column": 0
        },
        "end": {
          "line": 8,
          "column": 64
        }
      },
      "8": {
        "start": {
          "line": 9,
          "column": 0
        },
        "end": {
          "line": 9,
          "column": 7
        }
      },
      "9": {
        "start": {
          "line": 10,
          "column": 0
        },
        "end": {
          "line": 10,
          "column": 58
        }
      },
      "10": {
        "start": {
          "line": 11,
          "column": 0
        },
        "end": {
          "line": 11,
          "column": 23
        }
      },
      "11": {
        "start": {
          "line": 12,
          "column": 0
        },
        "end": {
          "line": 12,
          "column": 19
        }
      },
      "12": {
        "start": {
          "line": 13,
          "column": 0
        },
        "end": {
          "line": 13,
          "column": 82
        }
      },
      "13": {
        "start": {
          "line": 14,
          "column": 0
        },
        "end": {
          "line": 14,
          "column": 16
        }
      },
      "14": {
        "start": {
          "line": 15,
          "column": 0
        },
        "end": {
          "line": 15,
          "column": 3
        }
      },
      "15": {
        "start": {
          "line": 16,
          "column": 0
        },
        "end": {
          "line": 16,
          "column": 1
        }
      },
      "23": {
        "start": {
          "line": 24,
          "column": 0
        },
        "end": {
          "line": 24,
          "column": 97
        }
      },
      "24": {
        "start": {
          "line": 25,
          "column": 0
        },
        "end": {
          "line": 25,
          "column": 70
        }
      },
      "25": {
        "start": {
          "line": 26,
          "column": 0
        },
        "end": {
          "line": 26,
          "column": 96
        }
      },
      "26": {
        "start": {
          "line": 27,
          "column": 0
        },
        "end": {
          "line": 27,
          "column": 37
        }
      },
      "27": {
        "start": {
          "line": 28,
          "column": 0
        },
        "end": {
          "line": 28,
          "column": 3
        }
      },
      "29": {
        "start": {
          "line": 30,
          "column": 0
        },
        "end": {
          "line": 30,
          "column": 7
        }
      },
      "30": {
        "start": {
          "line": 31,
          "column": 0
        },
        "end": {
          "line": 31,
          "column": 92
        }
      },
      "31": {
        "start": {
          "line": 32,
          "column": 0
        },
        "end": {
          "line": 32,
          "column": 53
        }
      },
      "32": {
        "start": {
          "line": 33,
          "column": 0
        },
        "end": {
          "line": 33,
          "column": 36
        }
      },
      "33": {
        "start": {
          "line": 34,
          "column": 0
        },
        "end": {
          "line": 34,
          "column": 19
        }
      },
      "34": {
        "start": {
          "line": 35,
          "column": 0
        },
        "end": {
          "line": 35,
          "column": 77
        }
      },
      "35": {
        "start": {
          "line": 36,
          "column": 0
        },
        "end": {
          "line": 36,
          "column": 37
        }
      },
      "36": {
        "start": {
          "line": 37,
          "column": 0
        },
        "end": {
          "line": 37,
          "column": 3
        }
      },
      "37": {
        "start": {
          "line": 38,
          "column": 0
        },
        "end": {
          "line": 38,
          "column": 1
        }
      },
      "44": {
        "start": {
          "line": 45,
          "column": 0
        },
        "end": {
          "line": 45,
          "column": 60
        }
      },
      "45": {
        "start": {
          "line": 46,
          "column": 0
        },
        "end": {
          "line": 46,
          "column": 89
        }
      },
      "46": {
        "start": {
          "line": 47,
          "column": 0
        },
        "end": {
          "line": 47,
          "column": 25
        }
      },
      "47": {
        "start": {
          "line": 48,
          "column": 0
        },
        "end": {
          "line": 48,
          "column": 31
        }
      },
      "48": {
        "start": {
          "line": 49,
          "column": 0
        },
        "end": {
          "line": 49,
          "column": 75
        }
      },
      "49": {
        "start": {
          "line": 50,
          "column": 0
        },
        "end": {
          "line": 50,
          "column": 75
        }
      },
      "50": {
        "start": {
          "line": 51,
          "column": 0
        },
        "end": {
          "line": 51,
          "column": 4
        }
      },
      "52": {
        "start": {
          "line": 53,
          "column": 0
        },
        "end": {
          "line": 53,
          "column": 94
        }
      },
      "53": {
        "start": {
          "line": 54,
          "column": 0
        },
        "end": {
          "line": 54,
          "column": 1
        }
      },
      "60": {
        "start": {
          "line": 61,
          "column": 0
        },
        "end": {
          "line": 61,
          "column": 60
        }
      },
      "61": {
        "start": {
          "line": 62,
          "column": 0
        },
        "end": {
          "line": 62,
          "column": 91
        }
      },
      "62": {
        "start": {
          "line": 63,
          "column": 0
        },
        "end": {
          "line": 63,
          "column": 116
        }
      },
      "63": {
        "start": {
          "line": 64,
          "column": 0
        },
        "end": {
          "line": 64,
          "column": 25
        }
      },
      "64": {
        "start": {
          "line": 65,
          "column": 0
        },
        "end": {
          "line": 65,
          "column": 31
        }
      },
      "65": {
        "start": {
          "line": 66,
          "column": 0
        },
        "end": {
          "line": 66,
          "column": 75
        }
      },
      "66": {
        "start": {
          "line": 67,
          "column": 0
        },
        "end": {
          "line": 67,
          "column": 75
        }
      },
      "67": {
        "start": {
          "line": 68,
          "column": 0
        },
        "end": {
          "line": 68,
          "column": 4
        }
      },
      "69": {
        "start": {
          "line": 70,
          "column": 0
        },
        "end": {
          "line": 70,
          "column": 93
        }
      },
      "70": {
        "start": {
          "line": 71,
          "column": 0
        },
        "end": {
          "line": 71,
          "column": 17
        }
      },
      "71": {
        "start": {
          "line": 72,
          "column": 0
        },
        "end": {
          "line": 72,
          "column": 3
        }
      },
      "73": {
        "start": {
          "line": 74,
          "column": 0
        },
        "end": {
          "line": 74,
          "column": 109
        }
      },
      "74": {
        "start": {
          "line": 75,
          "column": 0
        },
        "end": {
          "line": 75,
          "column": 75
        }
      },
      "76": {
        "start": {
          "line": 77,
          "column": 0
        },
        "end": {
          "line": 77,
          "column": 76
        }
      },
      "77": {
        "start": {
          "line": 78,
          "column": 0
        },
        "end": {
          "line": 78,
          "column": 1
        }
      }
    },
    "s": {
      "0": 1,
      "7": 1,
      "8": 0,
      "9": 0,
      "10": 0,
      "11": 0,
      "12": 0,
      "13": 0,
      "14": 0,
      "15": 0,
      "23": 1,
      "24": 0,
      "25": 0,
      "26": 0,
      "27": 0,
      "29": 0,
      "30": 0,
      "31": 0,
      "32": 0,
      "33": 0,
      "34": 0,
      "35": 0,
      "36": 0,
      "37": 0,
      "44": 1,
      "45": 0,
      "46": 0,
      "47": 0,
      "48": 0,
      "49": 0,
      "50": 0,
      "52": 0,
      "53": 0,
      "60": 1,
      "61": 0,
      "62": 0,
      "63": 0,
      "64": 0,
      "65": 0,
      "66": 0,
      "67": 0,
      "69": 0,
      "70": 0,
      "71": 0,
      "73": 0,
      "74": 0,
      "76": 0,
      "77": 0
    },
    "branchMap": {},
    "b": {},
    "fnMap": {
      "0": {
        "name": "readLocalFile",
        "decl": {
          "start": {
            "line": 8,
            "column": 7
          },
          "end": {
            "line": 16,
            "column": 1
          }
        },
        "loc": {
          "start": {
            "line": 8,
            "column": 7
          },
          "end": {
            "line": 16,
            "column": 1
          }
        },
        "line": 8
      },
      "1": {
        "name": "writeJsonToFile",
        "decl": {
          "start": {
            "line": 24,
            "column": 7
          },
          "end": {
            "line": 38,
            "column": 1
          }
        },
        "loc": {
          "start": {
            "line": 24,
            "column": 7
          },
          "end": {
            "line": 38,
            "column": 1
          }
        },
        "line": 24
      },
      "2": {
        "name": "isValidFilename",
        "decl": {
          "start": {
            "line": 45,
            "column": 7
          },
          "end": {
            "line": 54,
            "column": 1
          }
        },
        "loc": {
          "start": {
            "line": 45,
            "column": 7
          },
          "end": {
            "line": 54,
            "column": 1
          }
        },
        "line": 45
      },
      "3": {
        "name": "isValidFilePath",
        "decl": {
          "start": {
            "line": 61,
            "column": 7
          },
          "end": {
            "line": 78,
            "column": 1
          }
        },
        "loc": {
          "start": {
            "line": 61,
            "column": 7
          },
          "end": {
            "line": 78,
            "column": 1
          }
        },
        "line": 61
      }
    },
    "f": {
      "0": 0,
      "1": 0,
      "2": 0,
      "3": 0
    }
  },
  "C:\\dev\\pp\\sitemap-diff\\src\\utils\\sitemapUtils.ts": {
    "path": "C:\\dev\\pp\\sitemap-diff\\src\\utils\\sitemapUtils.ts",
    "all": false,
    "statementMap": {
      "0": {
        "start": {
          "line": 1,
          "column": 0
        },
        "end": {
          "line": 1,
          "column": 45
        }
      },
      "1": {
        "start": {
          "line": 2,
          "column": 0
        },
        "end": {
          "line": 2,
          "column": 44
        }
      },
      "2": {
        "start": {
          "line": 3,
          "column": 0
        },
        "end": {
          "line": 3,
          "column": 64
        }
      },
      "3": {
        "start": {
          "line": 4,
          "column": 0
        },
        "end": {
          "line": 4,
          "column": 53
        }
      },
      "4": {
[...]
          "line": 193,
          "column": 0
        },
        "end": {
          "line": 193,
          "column": 63
        }
      },
      "194": {
        "start": {
          "line": 195,
          "column": 0
        },
        "end": {
          "line": 195,
          "column": 12
        }
      },
      "195": {
        "start": {
          "line": 196,
          "column": 0
        },
        "end": {
          "line": 196,
          "column": 25
        }
      },
      "196": {
        "start": {
          "line": 197,
          "column": 0
        },
        "end": {
          "line": 197,
          "column": 25
        }
      },
      "197": {
        "start": {
          "line": 198,
          "column": 0
        },
        "end": {
          "line": 198,
          "column": 74
        }
      },
      "198": {
        "start": {
          "line": 199,
          "column": 0
        },
        "end": {
          "line": 199,
          "column": 90
        }
      },
      "199": {
        "start": {
          "line": 200,
          "column": 0
        },
        "end": {
          "line": 200,
          "column": 90
        }
      },
      "200": {
        "start": {
          "line": 201,
          "column": 0
        },
        "end": {
          "line": 201,
          "column": 6
        }
      },
      "201": {
        "start": {
          "line": 202,
          "column": 0
        },
        "end": {
          "line": 202,
          "column": 19
        }
      },
      "202": {
        "start": {
          "line": 203,
          "column": 0
        },
        "end": {
          "line": 203,
          "column": 76
        }
      },
      "203": {
        "start": {
          "line": 204,
          "column": 0
        },
        "end": {
          "line": 204,
          "column": 16
        }
      },
      "204": {
        "start": {
          "line": 205,
          "column": 0
        },
        "end": {
          "line": 205,
          "column": 3
        }
      },
      "205": {
        "start": {
          "line": 206,
          "column": 0
        },
        "end": {
          "line": 206,
          "column": 1
        }
      }
    },
    "s": {
      "0": 1,
      "1": 1,
      "2": 1,
      "3": 1,
      "4": 1,
      "11": 1,
      "12": 2,
      "13": 2,
      "14": 2,
      "15": 2,
      "16": 2,
      "17": 0,
      "18": 0,
      "19": 0,
      "20": 2,
      "27": 1,
      "28": 2,
      "29": 2,
      "30": 2,
      "31": 0,
      "32": 0,
      "33": 0,
      "35": 2,
      "36": 2,
      "37": 2,
      "38": 2,
      "40": 0,
      "41": 0,
      "42": 0,
      "44": 2,
      "46": 1,
      "47": 1,
      "48": 1,
      "50": 1,
      "51": 2,
      "52": 0,
      "53": 0,
      "54": 0,
      "56": 2,
      "57": 0,
      "58": 0,
      "59": 0,
      "61": 2,
      "62": 1,
      "64": 1,
      "65": 1,
      "66": 0,
      "67": 0,
      "75": 1,
      "76": 0,
      "77": 0,
      "78": 0,
      "79": 0,
      "80": 0,
      "81": 0,
      "82": 0,
      "83": 0,
      "84": 0,
      "85": 0,
      "86": 0,
      "87": 0,
      "88": 0,
      "89": 0,
      "91": 0,
      "93": 0,
      "94": 0,
      "95": 0,
      "96": 0,
      "97": 0,
      "104": 0,
      "105": 0,
      "106": 0,
      "107": 0,
      "108": 0,
      "109": 0,
      "110": 0,
      "111": 0,
      "112": 0,
      "113": 0,
      "120": 0,
      "121": 0,
      "123": 0,
      "124": 0,
      "125": 0,
      "126": 0,
      "128": 0,
      "129": 0,
      "130": 0,
      "131": 0,
      "132": 0,
      "134": 0,
      "135": 0,
      "136": 0,
      "138": 1,
      "142": 0,
      "144": 0,
      "145": 0,
      "146": 0,
      "147": 0,
      "148": 0,
      "149": 0,
      "150": 0,
      "151": 0,
      "152": 0,
      "153": 0,
      "154": 0,
      "156": 0,
      "157": 0,
      "158": 0,
      "159": 0,
      "160": 0,
      "161": 0,
      "170": 0,
      "171": 0,
      "172": 0,
      "173": 0,
      "180": 0,
      "181": 0,
      "182": 0,
      "183": 0,
      "185": 0,
      "186": 0,
      "187": 0,
      "188": 0,
      "189": 0,
      "191": 0,
      "192": 0,
      "194": 0,
      "195": 0,
      "196": 0,
      "197": 0,
      "198": 0,
      "199": 0,
      "200": 0,
      "201": 0,
      "202": 0,
      "203": 0,
      "204": 0,
      "205": 0
    },
    "branchMap": {
      "0": {
        "type": "branch",
        "line": 12,
        "loc": {
          "start": {
            "line": 12,
            "column": 7
          },
          "end": {
            "line": 21,
            "column": 1
          }
        },
        "locations": [
          {
            "start": {
              "line": 12,
              "column": 7
            },
            "end": {
              "line": 21,
              "column": 1
            }
          }
        ]
      },
      "1": {
        "type": "branch",
        "line": 17,
        "loc": {
          "start": {
            "line": 17,
            "column": 2
          },
          "end": {
            "line": 20,
            "column": 3
          }
        },
        "locations": [
          {
            "start": {
              "line": 17,
              "column": 2
            },
            "end": {
              "line": 20,
              "column": 3
            }
          }
        ]
      },
      "2": {
        "type": "branch",
        "line": 28,
        "loc": {
          "start": {
            "line": 28,
            "column": 7
          },
          "end": {
            "line": 68,
            "column": 1
          }
        },
        "locations": [
          {
            "start": {
              "line": 28,
              "column": 7
            },
            "end": {
              "line": 68,
              "column": 1
            }
          }
        ]
      },
      "3": {
        "type": "branch",
        "line": 31,
        "loc": {
          "start": {
            "line": 31,
            "column": 21
          },
          "end": {
            "line": 34,
            "column": 5
          }
        },
        "locations": [
          {
            "start": {
              "line": 31,
              "column": 21
            },
            "end": {
              "line": 34,
              "column": 5
            }
          }
        ]
      },
      "4": {
        "type": "branch",
        "line": 38,
        "loc": {
          "start": {
            "line": 38,
            "column": 18
          },
          "end": {
            "line": 38,
            "column": 66
          }
        },
        "locations": [
          {
            "start": {
              "line": 38,
              "column": 18
            },
            "end": {
              "line": 38,
              "column": 66
            }
          }
        ]
      },
      "5": {
        "type": "branch",
        "line": 39,
        "loc": {
          "start": {
            "line": 39,
            "column": 6
          },
          "end": {
            "line": 43,
            "column": 5
          }
        },
        "locations": [
          {
            "start": {
              "line": 39,
              "column": 6
            },
            "end": {
              "line": 43,
              "column": 5
            }
          }
        ]
      },
      "6": {
        "type": "branch",
        "line": 45,
        "loc": {
          "start": {
            "line": 45,
            "column": 95
          },
          "end": {
            "line": 66,
            "column": 3
          }
        },
        "locations": [
          {
            "start": {
              "line": 45,
              "column": 95
            },
            "end": {
              "line": 66,
              "column": 3
            }
          }
        ]
      },
      "7": {
        "type": "branch",
        "line": 66,
        "loc": {
          "start": {
            "line": 66,
            "column": 2
          },
          "end": {
            "line": 68,
            "column": 1
          }
        },
        "locations": [
          {
            "start": {
              "line": 66,
              "column": 2
            },
            "end": {
              "line": 68,
              "column": 1
            }
          }
        ]
      },
      "8": {
        "type": "branch",
        "line": 51,
        "loc": {
          "start": {
            "line": 51,
            "column": 50
          },
          "end": {
            "line": 63,
            "column": 5
          }
        },
        "locations": [
          {
            "start": {
              "line": 51,
              "column": 50
            },
            "end": {
              "line": 63,
              "column": 5
            }
          }
        ]
      },
      "9": {
        "type": "branch",
        "line": 52,
        "loc": {
          "start": {
            "line": 52,
            "column": 21
          },
          "end": {
            "line": 55,
            "column": 7
          }
        },
        "locations": [
          {
            "start": {
              "line": 52,
              "column": 21
            },
            "end": {
              "line": 55,
              "column": 7
            }
          }
        ]
      },
      "10": {
        "type": "branch",
        "line": 57,
        "loc": {
          "start": {
            "line": 57,
            "column": 15
          },
          "end": {
            "line": 57,
            "column": 59
          }
        },
        "locations": [
          {
            "start": {
              "line": 57,
              "column": 15
            },
            "end": {
              "line": 57,
              "column": 59
            }
          }
        ]
      },
      "11": {
        "type": "branch",
        "line": 57,
        "loc": {
          "start": {
            "line": 57,
            "column": 59
          },
          "end": {
            "line": 60,
            "column": 7
          }
        },
        "locations": [
          {
            "start": {
              "line": 57,
              "column": 59
            },
            "end": {
              "line": 60,
              "column": 7
            }
          }
        ]
      },
      "12": {
        "type": "branch",
        "line": 63,
        "loc": {
          "start": {
            "line": 63,
            "column": 14
          },
          "end": {
            "line": 63,
            "column": 50
          }
        },
        "locations": [
          {
            "start": {
              "line": 63,
              "column": 14
            },
            "end": {
              "line": 63,
              "column": 50
            }
          }
        ]
      }
    },
    "b": {
      "0": [
        2
      ],
      "1": [
        0
      ],
      "2": [
        2
      ],
      "3": [
        0
      ],
      "4": [
        0
      ],
      "5": [
        0
      ],
      "6": [
        1
      ],
      "7": [
        0
      ],
      "8": [
        2
      ],
      "9": [
        0
      ],
      "10": [
        0
      ],
      "11": [
        0
      ],
      "12": [
        2
      ]
    },
    "fnMap": {
      "0": {
        "name": "parseSitemapXmlFast",
        "decl": {
          "start": {
            "line": 12,
            "column": 7
          },
          "end": {
            "line": 21,
            "column": 1
          }
        },
        "loc": {
          "start": {
            "line": 12,
            "column": 7
          },
          "end": {
            "line": 21,
            "column": 1
          }
        },
        "line": 12
      },
      "1": {
        "name": "parseRoutes",
        "decl": {
          "start": {
            "line": 28,
            "column": 7
          },
          "end": {
            "line": 68,
            "column": 1
          }
        },
        "loc": {
          "start": {
            "line": 28,
            "column": 7
          },
          "end": {
            "line": 68,
            "column": 1
          }
        },
        "line": 28
      },
      "2": {
        "name": "parsePaths",
        "decl": {
          "start": {
            "line": 76,
            "column": 7
          },
          "end": {
            "line": 98,
            "column": 1
          }
        },
        "loc": {
          "start": {
            "line": 76,
            "column": 7
          },
          "end": {
            "line": 98,
            "column": 1
          }
        },
        "line": 76
      },
      "3": {
        "name": "fetchSitemap",
        "decl": {
          "start": {
            "line": 105,
            "column": 0
          },
          "end": {
            "line": 114,
            "column": 1
          }
        },
        "loc": {
          "start": {
            "line": 105,
            "column": 0
          },
          "end": {
            "line": 114,
            "column": 1
          }
        },
        "line": 105
      },
      "4": {
        "name": "fetchParsePaths",
        "decl": {
          "start": {
            "line": 121,
            "column": 0
          },
          "end": {
            "line": 137,
            "column": 1
          }
        },
        "loc": {
          "start": {
            "line": 121,
            "column": 0
          },
          "end": {
            "line": 137,
            "column": 1
          }
        },
        "line": 121
      },
      "5": {
        "name": "parseSitemapPath",
        "decl": {
          "start": {
            "line": 139,
            "column": 7
          },
          "end": {
            "line": 162,
            "column": 1
          }
        },
        "loc": {
          "start": {
            "line": 139,
            "column": 7
          },
          "end": {
            "line": 162,
            "column": 1
          }
        },
        "line": 139
      },
      "6": {
        "name": "pathsDiff",
        "decl": {
          "start": {
            "line": 171,
            "column": 0
          },
          "end": {
            "line": 206,
            "column": 1
          }
        },
        "loc": {
          "start": {
            "line": 171,
            "column": 0
          },
          "end": {
            "line": 206,
            "column": 1
          }
        },
        "line": 171
      }
    },
    "f": {
      "0": 2,
      "1": 2,
      "2": 0,
      "3": 0,
      "4": 0,
      "5": 0,
      "6": 0
    }
  },
  "C:\\dev\\pp\\sitemap-diff\\src\\utils\\urlUtils.ts": {
    "path": "C:\\dev\\pp\\sitemap-diff\\src\\utils\\urlUtils.ts",
    "all": false,
    "statementMap": {
      "0": {
        "start": {
          "line": 1,
          "column": 0
        },
        "end": {
          "line": 1,
          "column": 31
        }
      },
      "7": {
        "start": {
          "line": 8,
          "column": 0
        },
        "end": {
          "line": 8,
          "column": 81
        }
      },
      "8": {
        "start": {
          "line": 9,
          "column": 0
        },
        "end": {
          "line": 9,
          "column": 7
        }
      },
      "9": {
        "start": {
          "line": 10,
          "column": 0
        },
        "end": {
          "line": 10,
          "column": 38
        }
      },
      "11": {
        "start": {
          "line": 12,
          "column": 0
        },
        "end": {
          "line": 12,
          "column": 23
        }
      },
      "12": {
        "start": {
          "line": 13,
          "column": 0
        },
        "end": {
          "line": 13,
          "column": 87
        }
      },
      "13": {
        "start": {
          "line": 14,
          "column": 0
        },
        "end": {
          "line": 14,
          "column": 18
        }
      },
      "14": {
        "start": {
          "line": 15,
          "column": 0
        },
        "end": {
          "line": 15,
          "column": 5
        }
      },
      "16": {
        "start": {
          "line": 17,
          "column": 0
        },
        "end": {
          "line": 17,
          "column": 46
        }
      },
      "17": {
        "start": {
          "line": 18,
          "column": 0
        },
        "end": {
          "line": 18,
          "column": 23
        }
      },
      "18": {
        "start": {
          "line": 19,
          "column": 0
        },
        "end": {
          "line": 19,
          "column": 19
        }
      },
      "19": {
        "start": {
          "line": 20,
          "column": 0
        },
        "end": {
          "line": 20,
          "column": 100
        }
      },
      "20": {
        "start": {
          "line": 21,
          "column": 0
        },
        "end": {
          "line": 21,
          "column": 16
        }
      },
      "21": {
        "start": {
          "line": 22,
          "column": 0
        },
        "end": {
          "line": 22,
          "column": 3
        }
      },
      "22": {
        "start": {
          "line": 23,
          "column": 0
        },
        "end": {
          "line": 23,
          "column": 1
        }
      },
      "29": {
        "start": {
          "line": 30,
          "column": 0
        },
        "end": {
          "line": 30,
          "column": 50
        }
      },
      "30": {
        "start": {
          "line": 31,
          "column": 0
        },
        "end": {
          "line": 31,
          "column": 7
        }
      },
      "31": {
        "start": {
          "line": 32,
          "column": 0
        },
        "end": {
          "line": 32,
          "column": 17
        }
      },
      "32": {
        "start": {
          "line": 33,
          "column": 0
        },
        "end": {
          "line": 33,
          "column": 16
        }
      },
      "33": {
        "start": {
          "line": 34,
          "column": 0
        },
        "end": {
          "line": 34,
          "column": 15
        }
      },
      "34": {
        "start": {
          "line": 35,
          "column": 0
        },
        "end": {
          "line": 35,
          "column": 17
        }
      },
      "35": {
        "start": {
          "line": 36,
          "column": 0
        },
        "end": {
          "line": 36,
          "column": 3
        }
      },
      "36": {
        "start": {
          "line": 37,
          "column": 0
        },
        "end": {
          "line": 37,
          "column": 1
        }
      }
    },
    "s": {
      "0": 1,
      "7": 0,
      "8": 0,
      "9": 0,
      "11": 0,
      "12": 0,
      "13": 0,
      "14": 0,
      "16": 0,
      "17": 0,
      "18": 0,
      "19": 0,
      "20": 0,
      "21": 0,
      "22": 0,
      "29": 1,
      "30": 0,
      "31": 0,
      "32": 0,
      "33": 0,
      "34": 0,
      "35": 0,
      "36": 0
    },
    "branchMap": {},
    "b": {},
    "fnMap": {
      "0": {
        "name": "fetchTextFromUrlFile",
        "decl": {
          "start": {
            "line": 8,
            "column": 0
          },
          "end": {
            "line": 23,
            "column": 1
          }
        },
        "loc": {
          "start": {
            "line": 8,
            "column": 0
          },
          "end": {
            "line": 23,
            "column": 1
          }
        },
        "line": 8
      },
      "1": {
        "name": "isValidUrl",
        "decl": {
          "start": {
            "line": 30,
            "column": 7
          },
          "end": {
            "line": 37,
            "column": 1
          }
        },
        "loc": {
          "start": {
            "line": 30,
            "column": 7
          },
          "end": {
            "line": 37,
            "column": 1
          }
        },
        "line": 30
      }
    },
    "f": {
      "0": 0,
      "1": 0
    }
  }
}